ERROR:root:Backups failed!!!
Traceback (most recent call last):
  File "./db_backup.py", line 98, in main
    delete_old_backups(keep, store)
  File "./db_backup.py", line 29, in delete_old_backups
    for dump_file in os.listdir(store):
OSError: [Errno 2] No such file or directory: '/Users/andresv/projects/backup/back'
ERROR:root:Backups failed!!!
Traceback (most recent call last):
  File "./db_backup.py", line 98, in main
    delete_old_backups(keep, store)
  File "./db_backup.py", line 29, in delete_old_backups
    for dump_file in os.listdir(store):
OSError: [Errno 2] No such file or directory: '/Users/andresv/projects/backup/back'
ERROR:root:Backups failed!!!
Traceback (most recent call last):
  File "./db_backup.py", line 98, in main
    delete_old_backups(keep, store)
  File "./db_backup.py", line 29, in delete_old_backups
    for dump_file in os.listdir(store):
TypeError: coercing to Unicode: need string or buffer, NoneType found
WARNING:root:option -a not recognized
WARNING:root:option -a not recognized
WARNING:root:option -a not recognized
ERROR:root:Backups failed!!!
Traceback (most recent call last):
  File "./db_backup.py", line 98, in main
    delete_old_backups(keep, store)
  File "./db_backup.py", line 29, in delete_old_backups
    for dump_file in os.listdir(store):
TypeError: coercing to Unicode: need string or buffer, NoneType found
INFO:root:Dump db, some_db_1 to /Users/andresv/projects/backup/backup/some_db_1.2016-03-23.sql.
INFO:root:Dump db, some_db_2 to /Users/andresv/projects/backup/backup/some_db_2.2016-03-23.sql.
INFO:root:Dump db, some_db_1 to /Users/andresv/projects/backup/backup/some_db_1.2016-03-23.sql.
INFO:root:Dump db, some_db_2 to /Users/andresv/projects/backup/backup/some_db_2.2016-03-23.sql.
INFO:root:Dump db, some_db_1 to /Users/andresv/projects/backup/backup/some_db_1.2016-03-23.sql.
INFO:root:Dump db, some_db_2 to /Users/andresv/projects/backup/backup/some_db_2.2016-03-23.sql.
INFO:root:Dump db, some_db_1 to /Users/andresv/projects/backup/backup/some_db_1.2016-03-23.sql.
INFO:root:Dump db, some_db_2 to /Users/andresv/projects/backup/backup/some_db_2.2016-03-23.sql.
INFO:root:Dump db, some_db_1 to /Users/andresv/projects/backup/backup/some_db_1.2016-03-23.sql.
INFO:root:Dump db, some_db_2 to /Users/andresv/projects/backup/backup/some_db_2.2016-03-23.sql.
INFO:root:Dump db, some_db_1 to /Users/andresv/projects/backup/backup/some_db_1.2016-03-23.sql.
INFO:root:Dump db, some_db_2 to /Users/andresv/projects/backup/backup/some_db_2.2016-03-23.sql.
INFO:root:Dump db, some_db_1 to /Users/andresv/projects/backup/backup/some_db_1.2016-03-23.sql.
INFO:root:Dump db, some_db_2 to /Users/andresv/projects/backup/backup/some_db_2.2016-03-23.sql.
INFO:root:Dump db, mule to /Users/andresv/projects/backup/backup/mule.2016-03-23.sql.
INFO:root:Dump db, percona to /Users/andresv/projects/backup/backup/percona.2016-03-23.sql.
INFO:root:Dump db, mule to /Users/andresv/projects/backup/backup/mule.2016-03-23.sql.
INFO:root:Dump db, percona to /Users/andresv/projects/backup/backup/percona.2016-03-23.sql.
INFO:root:Dump db, mule to /Users/andresv/projects/backup/backup/mule.2016-03-23.sql.
INFO:root:Dump db, percona to /Users/andresv/projects/backup/backup/percona.2016-03-23.sql.
INFO:root:Dump db, mule to /Users/andresv/projects/backup/backup/mule.2016-03-23.sql.
INFO:root:Dump db, percona to /Users/andresv/projects/backup/backup/percona.2016-03-23.sql.
INFO:root:Dump db, mule to /Users/andresv/projects/backup/backup/mule.2016-03-23.sql.
INFO:root:Dump db, percona to /Users/andresv/projects/backup/backup/percona.2016-03-23.sql.
INFO:root:Dump db, mule to /Users/andresv/projects/backup/backup/mule.2016-03-23.sql.
INFO:root:Dump db, percona to /Users/andresv/projects/backup/backup/percona.2016-03-23.sql.
INFO:root:Dump db, mule to /Users/andresv/projects/backup/backup/mule.2016-03-23.sql.
INFO:root:Dump db, percona to /Users/andresv/projects/backup/backup/percona.2016-03-23.sql.
INFO:root:Dump db, mule to /Users/andresv/projects/backup/backup/mule.2016-03-23.sql.
INFO:root:Dump db, percona to /Users/andresv/projects/backup/backup/percona.2016-03-23.sql.
INFO:root:Dump db, mule to /Users/andresv/projects/backup/backup/mule.2016-03-23.sql.
INFO:root:Dump db, percona to /Users/andresv/projects/backup/backup/percona.2016-03-23.sql.
INFO:root:Dump db, mule to /Users/andresv/projects/backup/backup/mule.2016-03-23.sql.
INFO:root:Dump db, percona to /Users/andresv/projects/backup/backup/percona.2016-03-23.sql.
INFO:root:Dump db, mule to /Users/andresv/projects/backup/backup/mule.2016-03-23.sql.
INFO:root:Dump db, percona to /Users/andresv/projects/backup/backup/percona.2016-03-23.sql.
INFO:root:Dump db, mule to /Users/andresv/projects/backup/backup/mule.2016-03-23.sql.
INFO:root:Dump db, percona to /Users/andresv/projects/backup/backup/percona.2016-03-23.sql.
INFO:root:Dump db, mule to /Users/andresv/projects/backup/backup/mule.2016-03-23.sql.
INFO:root:Dump db, percona to /Users/andresv/projects/backup/backup/percona.2016-03-23.sql.
INFO:root:Dump db, mule to /Users/andresv/projects/backup/backup/mule.2016-03-23.sql.
INFO:root:Dump db, percona to /Users/andresv/projects/backup/backup/percona.2016-03-23.sql.
INFO:root:Dump db, mule to /Users/andresv/projects/backup/backup/mule.2016-03-23.sql.
INFO:root:Dump db, percona to /Users/andresv/projects/backup/backup/percona.2016-03-23.sql.
INFO:root:Dump db, mule to /Users/andresv/projects/backup/backup/mule.2016-03-23.sql.
INFO:root:Dump db, percona to /Users/andresv/projects/backup/backup/percona.2016-03-23.sql.
INFO:root:Dump db, mule to /Users/andresv/projects/backup/backup/mule.2016-03-23.sql.
INFO:root:Dump db, percona to /Users/andresv/projects/backup/backup/percona.2016-03-23.sql.
INFO:root:Dump db, hybris to /Users/andresv/projects/backup/backup/hybris.2016-03-23.sql.
